Build started 2017/11/26 19:16:29.
     1>Project "F:\hcicloud_sdk_5.2.8.26586_asr_win_c\hcicloud_sdk_5.2.0.26586_asr_win_c\SDK\C\Examples\ASR_RECORDER\msvc\VC10\ASR_Recorder_Example.vcxproj" on node 2 (build target(s)).
     1>InitializeBuildStatus:
         Touching "Release\ASR_Recorder_Example.unsuccessfulbuild".
       ClCompile:
         D:\Program Files (x86)\Microsoft Visual Studio 10.0\VC\bin\CL.exe /c /I../../include /Zi /nologo /W3 /WX- /O2 /Oi /Oy- /GL /D WIN32 /D _WINDOWS /D NDEBUG /D _MBCS /D _AFXDLL /Gm- /EHsc /MD /GS /Gy /fp:precise /Zc:wchar_t /Zc:forScope /Yu"StdAfx.h" /Fp"Release\ASR_Recorder_Example.pch" /Fo"Release\\" /Fd"Release\vc100.pdb" /Gd /TP /analyze- /errorReport:prompt ..\..\src\ASR_Recorder_Example.cpp ..\..\src\ASR_Recorder_ExampleDlg.cpp ..\..\src\common\AccountInfo.cpp ..\..\src\common\CommonTool.cpp ..\..\src\common\FileReader.cpp ..\..\src\stdafx.cpp
         ASR_Recorder_Example.cpp
     1>..\..\src\ASR_Recorder_Example.cpp(5): fatal error C1083: Cannot open precompiled header file: 'Release\ASR_Recorder_Example.pch': No such file or directory
         ASR_Recorder_ExampleDlg.cpp
     1>..\..\src\ASR_Recorder_ExampleDlg.cpp(4): fatal error C1083: Cannot open precompiled header file: 'Release\ASR_Recorder_Example.pch': No such file or directory
         AccountInfo.cpp
     1>..\..\src\common\AccountInfo.cpp(11): warning C4005: 'stricmp' : macro redefinition
                 ..\..\src\common\AccountInfo.cpp(9) : see previous definition of 'stricmp'
     1>..\..\src\common\AccountInfo.cpp(220): fatal error C1010: unexpected end of file while looking for precompiled header. Did you forget to add '#include "StdAfx.h"' to your source?
         CommonTool.cpp
     1>..\..\src\common\CommonTool.cpp(188): fatal error C1010: unexpected end of file while looking for precompiled header. Did you forget to add '#include "StdAfx.h"' to your source?
         FileReader.cpp
     1>..\..\src\common\FileReader.cpp(73): fatal error C1010: unexpected end of file while looking for precompiled header. Did you forget to add '#include "StdAfx.h"' to your source?
         stdafx.cpp
     1>..\..\src\stdafx.cpp(6): fatal error C1083: Cannot open precompiled header file: 'Release\ASR_Recorder_Example.pch': No such file or directory
     1>Done Building Project "F:\hcicloud_sdk_5.2.8.26586_asr_win_c\hcicloud_sdk_5.2.0.26586_asr_win_c\SDK\C\Examples\ASR_RECORDER\msvc\VC10\ASR_Recorder_Example.vcxproj" (build target(s)) -- FAILED.

Build FAILED.

Time Elapsed 00:00:00.79
