../../bin/win_x86/ASR_Recorder_Example.ilk
../../bin/win_x86/ASR_Recorder_Example.pdb
F:\机器人\ROBOTM\BIN\WIN_X86\ASR_RECORDER_EXAMPLE.EXE
F:\机器人\ROBOTM\BIN\WIN_X86\ASR_RECORDER_EXAMPLE.ILK
F:\机器人\ROBOTM\BIN\WIN_X86\ASR_RECORDER_EXAMPLE.PDB
F:\机器人\RobotM\msvc\VC10\../../bin/win_x86/ASR_Recorder_Example.exe
F:\机器人\ROBOTM\MSVC\VC10\DEBUG\ACCOUNTINFO.OBJ
F:\机器人\ROBOTM\MSVC\VC10\DEBUG\ASR_RECORDER_EXAMPLE.EXE.EMBED.MANIFEST
F:\机器人\ROBOTM\MSVC\VC10\DEBUG\ASR_RECORDER_EXAMPLE.EXE.EMBED.MANIFEST.RES
F:\机器人\ROBOTM\MSVC\VC10\DEBUG\ASR_RECORDER_EXAMPLE.EXE.INTERMEDIATE.MANIFEST
F:\机器人\ROBOTM\MSVC\VC10\DEBUG\ASR_RECORDER_EXAMPLE.OBJ
F:\机器人\ROBOTM\MSVC\VC10\DEBUG\ASR_RECORDER_EXAMPLE.RES
F:\机器人\RobotM\msvc\VC10\Debug\ASR_Recorder_Example.write.1.tlog
F:\机器人\RobotM\msvc\VC10\Debug\ASR_Recorder_Example_manifest.rc
F:\机器人\ROBOTM\MSVC\VC10\DEBUG\ASR_RECORDER_EXAMPLEDLG.OBJ
F:\机器人\ROBOTM\MSVC\VC10\DEBUG\CJSON.OBJ
F:\机器人\RobotM\msvc\VC10\Debug\cl.command.1.tlog
F:\机器人\RobotM\msvc\VC10\Debug\CL.read.1.tlog
F:\机器人\RobotM\msvc\VC10\Debug\CL.write.1.tlog
F:\机器人\ROBOTM\MSVC\VC10\DEBUG\COMM_DATA_MOTOR3.OBJ
F:\机器人\ROBOTM\MSVC\VC10\DEBUG\COMM_DATA_STAR.OBJ
F:\机器人\ROBOTM\MSVC\VC10\DEBUG\COMMONTOOL.OBJ
F:\机器人\ROBOTM\MSVC\VC10\DEBUG\FILEREADER.OBJ
F:\机器人\RobotM\msvc\VC10\Debug\link.12712.read.1.tlog
F:\机器人\RobotM\msvc\VC10\Debug\link.12712.write.1.tlog
F:\机器人\RobotM\msvc\VC10\Debug\link.12712-cvtres.read.1.tlog
F:\机器人\RobotM\msvc\VC10\Debug\link.12712-cvtres.write.1.tlog
F:\机器人\RobotM\msvc\VC10\Debug\link.command.1.tlog
F:\机器人\RobotM\msvc\VC10\Debug\link.read.1.tlog
F:\机器人\RobotM\msvc\VC10\Debug\link.write.1.tlog
F:\机器人\RobotM\msvc\VC10\Debug\link-cvtres.read.1.tlog
F:\机器人\RobotM\msvc\VC10\Debug\link-cvtres.write.1.tlog
F:\机器人\RobotM\msvc\VC10\Debug\mt.command.1.tlog
F:\机器人\RobotM\msvc\VC10\Debug\mt.read.1.tlog
F:\机器人\RobotM\msvc\VC10\Debug\mt.write.1.tlog
F:\机器人\ROBOTM\MSVC\VC10\DEBUG\PIC.OBJ
F:\机器人\ROBOTM\MSVC\VC10\DEBUG\PICTURE.OBJ
F:\机器人\ROBOTM\MSVC\VC10\DEBUG\PLAN_PATH_VFH.OBJ
F:\机器人\RobotM\msvc\VC10\Debug\rc.command.1.tlog
F:\机器人\RobotM\msvc\VC10\Debug\rc.read.1.tlog
F:\机器人\RobotM\msvc\VC10\Debug\rc.write.1.tlog
F:\机器人\ROBOTM\MSVC\VC10\DEBUG\SERIALCOM.OBJ
F:\机器人\ROBOTM\MSVC\VC10\DEBUG\STDAFX.OBJ
F:\机器人\ROBOTM\MSVC\VC10\DEBUG\UPURG.OBJ
F:\机器人\RobotM\msvc\VC10\Debug\vc100.idb
F:\机器人\ROBOTM\MSVC\VC10\DEBUG\VC100.PDB
F:\机器人\ROBOTM\MSVC\VC10\DEBUG\VFH_ALGORITHM.OBJ
F:\机器人\ROBOTM\MSVC\VC10\DEBUG\VOICE.OBJ
