生成启动时间为 2018/7/1 13:34:00。
     1>项目“C:\Users\robot-04\Desktop\RobotM\msvc\VC10\ASR_Recorder_Example.vcxproj”在节点 2 上(build 个目标)。
     1>InitializeBuildStatus:
         正在创建“Debug\ASR_Recorder_Example.unsuccessfulbuild”，因为已指定“AlwaysCreate”。
       ClCompile:
         C:\Program Files (x86)\Microsoft Visual Studio 10.0\VC\bin\CL.exe /c /I../../include /I"C:\curl-7.25.0\include" /ZI /nologo /W3 /WX- /Od /Oy- /D WIN32 /D _WINDOWS /D _DEBUG /D _MBCS /D _AFXDLL /Gm /EHsc /RTC1 /MD /GS /fp:precise /Zc:wchar_t /Zc:forScope /Fo"Debug\\" /Fd"Debug\vc100.pdb" /Gd /TP /analyze- /errorReport:prompt ..\..\src\Voice.cpp
         Voice.cpp
     1>c:\users\robot-04\desktop\robotm\include\hci_tts_player.h(26): warning C4005: “MODULE_NAME”: 宏重定义
                 c:\users\robot-04\desktop\robotm\include\hci_asr_recorder.h(26) : 参见“MODULE_NAME”的前一个定义
       ResourceCompile:
         C:\Program Files (x86)\Microsoft SDKs\Windows\v7.0A\bin\rc.exe /D _DEBUG /D _AFXDLL /l"0x0804" /IDebug\ /nologo /fo"Debug\ASR_Recorder_Example.res" ..\..\src\ASR_Recorder_Example.rc 
       ManifestResourceCompile:
         所有输出均为最新。
       Link:
         C:\Program Files (x86)\Microsoft Visual Studio 10.0\VC\bin\link.exe /ERRORREPORT:PROMPT /OUT:"../../bin/win_x86/ASR_Recorder_Example.exe" /INCREMENTAL /NOLOGO /LIBPATH:../../lib/win_x86 hci_sys.lib hci_asr_recorder.lib hci_tts.lib hci_tts_player.lib hci_micarray.lib opencv_calib3d244d.lib opencv_contrib244d.lib opencv_core244d.lib opencv_features2d244d.lib opencv_flann244d.lib opencv_gpu244d.lib opencv_highgui244d.lib opencv_imgproc244d.lib opencv_legacy244d.lib opencv_ml244d.lib opencv_nonfree244d.lib opencv_objdetect244d.lib opencv_photo244d.lib opencv_stitching244d.lib opencv_ts244d.lib opencv_video244d.lib opencv_videostab244d.lib "libzbar-0.lib" /NODEFAULTLIB:SkinMagicTrial.lib /MANIFEST /ManifestFile:"Debug\ASR_Recorder_Example.exe.intermediate.manifest" /MANIFESTUAC:"level='asInvoker' uiAccess='false'" /DEBUG /PDB:"C:\Users\robot-04\Desktop\RobotM\bin\win_x86\ASR_Recorder_Example.pdb" /SUBSYSTEM:WINDOWS /TLBID:1 /DYNAMICBASE /NXCOMPAT /IMPLIB:"../../bin/win_x86/ASR_Recorder_Example.lib" /MACHINE:X86 Debug\ASR_Recorder_Example.res
         Debug\ASR_Recorder_Example.exe.embed.manifest.res
         Debug\ASR_Recorder_Example.obj
         Debug\ASR_Recorder_ExampleDlg.obj
         Debug\cJSON.obj
         Debug\AccountInfo.obj
         Debug\CommonTool.obj
         Debug\FileReader.obj
         Debug\Comm_data_motor3.obj
         Debug\Comm_data_star.obj
         Debug\Plan_Path_VFH.obj
         Debug\SerialCom.obj
         Debug\stdafx.obj
         Debug\UPURG.obj
         Debug\vfh_algorithm.obj
         Debug\Voice.obj
       Manifest:
         C:\Program Files (x86)\Microsoft SDKs\Windows\v7.0A\bin\mt.exe /nologo /verbose /out:"Debug\ASR_Recorder_Example.exe.embed.manifest" /manifest Debug\ASR_Recorder_Example.exe.intermediate.manifest "C:\Program Files (x86)\Microsoft Visual Studio 10.0\VC\Include\Manifest\dpiaware.manifest"
         所有输出均为最新。
       LinkEmbedManifest:
         所有输出均为最新。
         ASR_Recorder_Example.vcxproj -> C:\Users\robot-04\Desktop\RobotM\msvc\VC10\../../bin/win_x86/ASR_Recorder_Example.exe
       FinalizeBuildStatus:
         正在删除文件“Debug\ASR_Recorder_Example.unsuccessfulbuild”。
         正在对“Debug\ASR_Recorder_Example.lastbuildstate”执行 Touch 任务。
     1>已完成生成项目“C:\Users\robot-04\Desktop\RobotM\msvc\VC10\ASR_Recorder_Example.vcxproj”(build 个目标)的操作。

生成成功。

已用时间 00:00:03.75
